{"/Users/tejash/Downloads/Legacy-Subscription-Billing-Engine/src/domain/models/Subscription.ts": {"path":"/Users/tejash/Downloads/Legacy-Subscription-Billing-Engine/src/domain/models/Subscription.ts","statementMap":{"0":{"start":{"line":3,"column":15},"end":{"line":3,"column":25}},"1":{"start":{"line":4,"column":15},"end":{"line":4,"column":30}},"2":{"start":{"line":5,"column":15},"end":{"line":5,"column":33}},"3":{"start":{"line":6,"column":15},"end":{"line":6,"column":31}},"4":{"start":{"line":1,"column":0},"end":{"line":1,"column":13}}},"fnMap":{"0":{"name":"(anonymous_0)","decl":{"start":{"line":2,"column":4},"end":{"line":2,"column":null}},"loc":{"start":{"line":6,"column":31},"end":{"line":7,"column":8}}}},"branchMap":{},"s":{"0":5,"1":5,"2":5,"3":5,"4":1},"f":{"0":5},"b":{}}
,"/Users/tejash/Downloads/Legacy-Subscription-Billing-Engine/src/domain/models/User.ts": {"path":"/Users/tejash/Downloads/Legacy-Subscription-Billing-Engine/src/domain/models/User.ts","statementMap":{"0":{"start":{"line":3,"column":15},"end":{"line":3,"column":25}},"1":{"start":{"line":4,"column":15},"end":{"line":4,"column":41}},"2":{"start":{"line":1,"column":0},"end":{"line":1,"column":13}}},"fnMap":{"0":{"name":"(anonymous_0)","decl":{"start":{"line":2,"column":4},"end":{"line":2,"column":null}},"loc":{"start":{"line":4,"column":41},"end":{"line":5,"column":8}}}},"branchMap":{},"s":{"0":1,"1":1,"2":1},"f":{"0":1},"b":{}}
,"/Users/tejash/Downloads/Legacy-Subscription-Billing-Engine/src/domain/services/SubscriptionBillingService.ts": {"path":"/Users/tejash/Downloads/Legacy-Subscription-Billing-Engine/src/domain/services/SubscriptionBillingService.ts","statementMap":{"0":{"start":{"line":8,"column":25},"end":{"line":8,"column":66}},"1":{"start":{"line":9,"column":25},"end":{"line":9,"column":50}},"2":{"start":{"line":10,"column":25},"end":{"line":10,"column":56}},"3":{"start":{"line":11,"column":25},"end":{"line":11,"column":52}},"4":{"start":{"line":15,"column":21},"end":{"line":15,"column":60}},"5":{"start":{"line":16,"column":8},"end":{"line":16,"column":72}},"6":{"start":{"line":16,"column":19},"end":{"line":16,"column":72}},"7":{"start":{"line":18,"column":20},"end":{"line":18,"column":79}},"8":{"start":{"line":19,"column":8},"end":{"line":19,"column":79}},"9":{"start":{"line":19,"column":18},"end":{"line":19,"column":79}},"10":{"start":{"line":21,"column":20},"end":{"line":21,"column":54}},"11":{"start":{"line":24,"column":8},"end":{"line":26,"column":9}},"12":{"start":{"line":25,"column":12},"end":{"line":25,"column":82}},"13":{"start":{"line":28,"column":27},"end":{"line":28,"column":49}},"14":{"start":{"line":31,"column":8},"end":{"line":33,"column":9}},"15":{"start":{"line":32,"column":12},"end":{"line":32,"column":46}},"16":{"start":{"line":35,"column":8},"end":{"line":50,"column":9}},"17":{"start":{"line":36,"column":34},"end":{"line":36,"column":105}},"18":{"start":{"line":38,"column":12},"end":{"line":47,"column":13}},"19":{"start":{"line":40,"column":34},"end":{"line":40,"column":47}},"20":{"start":{"line":41,"column":16},"end":{"line":41,"column":67}},"21":{"start":{"line":43,"column":16},"end":{"line":43,"column":80}},"22":{"start":{"line":44,"column":16},"end":{"line":44,"column":72}},"23":{"start":{"line":46,"column":16},"end":{"line":46,"column":69}},"24":{"start":{"line":49,"column":12},"end":{"line":49,"column":72}},"25":{"start":{"line":6,"column":0},"end":{"line":6,"column":13}}},"fnMap":{"0":{"name":"(anonymous_0)","decl":{"start":{"line":7,"column":4},"end":{"line":7,"column":null}},"loc":{"start":{"line":11,"column":52},"end":{"line":12,"column":8}}},"1":{"name":"(anonymous_1)","decl":{"start":{"line":14,"column":4},"end":{"line":14,"column":9}},"loc":{"start":{"line":14,"column":39},"end":{"line":51,"column":5}}}},"branchMap":{"0":{"loc":{"start":{"line":16,"column":8},"end":{"line":16,"column":72}},"type":"if","locations":[{"start":{"line":16,"column":8},"end":{"line":16,"column":72}},{"start":{},"end":{}}]},"1":{"loc":{"start":{"line":19,"column":8},"end":{"line":19,"column":79}},"type":"if","locations":[{"start":{"line":19,"column":8},"end":{"line":19,"column":79}},{"start":{},"end":{}}]},"2":{"loc":{"start":{"line":24,"column":8},"end":{"line":26,"column":9}},"type":"if","locations":[{"start":{"line":24,"column":8},"end":{"line":26,"column":9}},{"start":{},"end":{}}]},"3":{"loc":{"start":{"line":31,"column":8},"end":{"line":33,"column":9}},"type":"if","locations":[{"start":{"line":31,"column":8},"end":{"line":33,"column":9}},{"start":{},"end":{}}]},"4":{"loc":{"start":{"line":38,"column":12},"end":{"line":47,"column":13}},"type":"if","locations":[{"start":{"line":38,"column":12},"end":{"line":47,"column":13}},{"start":{"line":45,"column":19},"end":{"line":47,"column":13}}]}},"s":{"0":7,"1":7,"2":7,"3":7,"4":7,"5":7,"6":1,"7":6,"8":6,"9":1,"10":5,"11":5,"12":1,"13":4,"14":4,"15":1,"16":4,"17":4,"18":3,"19":2,"20":2,"21":2,"22":2,"23":1,"24":1,"25":1},"f":{"0":7,"1":7},"b":{"0":[1,6],"1":[1,5],"2":[1,4],"3":[1,3],"4":[2,1]}}
}
