TN:
SF:src/domain/models/Subscription.ts
FN:2,(anonymous_0)
FNF:1
FNH:1
FNDA:5,(anonymous_0)
DA:1,1
DA:3,5
DA:4,5
DA:5,5
DA:6,5
LF:5
LH:5
BRF:0
BRH:0
end_of_record
TN:
SF:src/domain/models/User.ts
FN:2,(anonymous_0)
FNF:1
FNH:1
FNDA:1,(anonymous_0)
DA:1,1
DA:3,1
DA:4,1
LF:3
LH:3
BRF:0
BRH:0
end_of_record
TN:
SF:src/domain/services/SubscriptionBillingService.ts
FN:7,(anonymous_0)
FN:14,(anonymous_1)
FNF:2
FNH:2
FNDA:7,(anonymous_0)
FNDA:7,(anonymous_1)
DA:6,1
DA:8,7
DA:9,7
DA:10,7
DA:11,7
DA:15,7
DA:16,7
DA:18,6
DA:19,6
DA:21,5
DA:24,5
DA:25,1
DA:28,4
DA:31,4
DA:32,1
DA:35,4
DA:36,4
DA:38,3
DA:40,2
DA:41,2
DA:43,2
DA:44,2
DA:46,1
DA:49,1
LF:24
LH:24
BRDA:16,0,0,1
BRDA:16,0,1,6
BRDA:19,1,0,1
BRDA:19,1,1,5
BRDA:24,2,0,1
BRDA:24,2,1,4
BRDA:31,3,0,1
BRDA:31,3,1,3
BRDA:38,4,0,2
BRDA:38,4,1,1
BRF:10
BRH:10
end_of_record
